<?xml version="1.0" encoding="UTF-8"?>
<!-- Generated by org.testng.reporters.JUnitXMLReporter -->
<testsuite hostname="DESKTOP-0QI34UK" ignored="0" name="Test" tests="6" failures="0" timestamp="01 Apr 2020 02:08:34 GMT" time="0.059" errors="0">
  <testcase name="AppTest1" time="0.019" classname="qaclickacademy.RESTApi"/>
  <testcase name="AppTest2" time="0.001" classname="qaclickacademy.RESTApi"/>
  <testcase name="selTest1" time="0.0" classname="qaclickacademy.SeleniumTest"/>
  <testcase name="selTest2" time="0.0" classname="qaclickacademy.SeleniumTest"/>
  <testcase name="AppTest1" time="0.0" classname="qaclickacademy.AppiumTest"/>
  <testcase name="AppTest2" time="0.001" classname="qaclickacademy.AppiumTest"/>
</testsuite> <!-- Test -->
