<?xml version="1.0" encoding="UTF-8"?>
<testng-results skipped="0" failed="0" ignored="0" total="2" passed="2">
  <reporter-output>
  </reporter-output>
  <suite name="Surefire suite" duration-ms="56" started-at="2020-04-01T02:10:48Z" finished-at="2020-04-01T02:10:48Z">
    <groups>
    </groups>
    <test name="Surefire test" duration-ms="56" started-at="2020-04-01T02:10:48Z" finished-at="2020-04-01T02:10:48Z">
      <class name="qaclickacademy.RESTApi">
        <test-method status="PASS" signature="AppTest1()[pri:0, instance:qaclickacademy.RESTApi@380fb434]" name="AppTest1" duration-ms="21" started-at="2020-03-31T21:10:48Z" finished-at="2020-03-31T21:10:48Z">
          <reporter-output>
          </reporter-output>
        </test-method> <!-- AppTest1 -->
        <test-method status="PASS" signature="AppTest2()[pri:0, instance:qaclickacademy.RESTApi@380fb434]" name="AppTest2" duration-ms="0" started-at="2020-03-31T21:10:48Z" finished-at="2020-03-31T21:10:48Z">
          <reporter-output>
          </reporter-output>
        </test-method> <!-- AppTest2 -->
      </class> <!-- qaclickacademy.RESTApi -->
    </test> <!-- Surefire test -->
  </suite> <!-- Surefire suite -->
</testng-results>
