<?xml version="1.0" encoding="UTF-8"?>
<testng-results skipped="0" failed="0" ignored="0" total="2" passed="2">
  <reporter-output>
  </reporter-output>
  <suite name="Default suite" duration-ms="54" started-at="2020-04-01T02:06:34Z" finished-at="2020-04-01T02:06:34Z">
    <groups>
    </groups>
    <test name="Default test" duration-ms="54" started-at="2020-04-01T02:06:34Z" finished-at="2020-04-01T02:06:34Z">
      <class name="qaclickacademy.RESTApi">
        <test-method status="PASS" signature="AppTest1()[pri:0, instance:qaclickacademy.RESTApi@4667ae56]" name="AppTest1" duration-ms="15" started-at="2020-04-01T02:06:34Z" finished-at="2020-04-01T02:06:34Z">
          <reporter-output>
          </reporter-output>
        </test-method> <!-- AppTest1 -->
        <test-method status="PASS" signature="AppTest2()[pri:0, instance:qaclickacademy.RESTApi@4667ae56]" name="AppTest2" duration-ms="1" started-at="2020-04-01T02:06:34Z" finished-at="2020-04-01T02:06:34Z">
          <reporter-output>
          </reporter-output>
        </test-method> <!-- AppTest2 -->
      </class> <!-- qaclickacademy.RESTApi -->
    </test> <!-- Default test -->
  </suite> <!-- Default suite -->
</testng-results>
